#! /home1/c/cis5710/tools/bin/vvp
:ivl_version "11.0 (stable)" "(v11_0)";
:ivl_delay_selection "TYPICAL";
:vpi_time_precision - 12;
:vpi_module "/home1/c/cis5710/tools/lib/ivl/system.vpi";
:vpi_module "/home1/c/cis5710/tools/lib/ivl/vhdl_sys.vpi";
:vpi_module "/home1/c/cis5710/tools/lib/ivl/vhdl_textio.vpi";
:vpi_module "/home1/c/cis5710/tools/lib/ivl/v2005_math.vpi";
:vpi_module "/home1/c/cis5710/tools/lib/ivl/va_math.vpi";
S_0x20a87e0 .scope module, "test_adders" "test_adders" 2 14;
 .timescale -9 -12;
L_0x7fcbd8c1d060 .functor BUFT 1, C4<0>, C4<0>, C4<0>, C4<0>;
v0x20de030_0 .net *"_ivl_10", 0 0, L_0x7fcbd8c1d060;  1 drivers
v0x20de110_0 .net *"_ivl_11", 1 0, L_0x20e0c70;  1 drivers
v0x20de1f0_0 .net *"_ivl_13", 1 0, L_0x20e0e20;  1 drivers
L_0x7fcbd8c1d0a8 .functor BUFT 1, C4<0>, C4<0>, C4<0>, C4<0>;
v0x20de2e0_0 .net *"_ivl_16", 0 0, L_0x7fcbd8c1d0a8;  1 drivers
v0x20de3c0_0 .net *"_ivl_17", 1 0, L_0x20e0f50;  1 drivers
v0x20de4f0_0 .net *"_ivl_22", 2 0, L_0x20e1ee0;  1 drivers
L_0x7fcbd8c1d0f0 .functor BUFT 1, C4<0>, C4<0>, C4<0>, C4<0>;
v0x20de5d0_0 .net *"_ivl_25", 0 0, L_0x7fcbd8c1d0f0;  1 drivers
v0x20de6b0_0 .net *"_ivl_26", 2 0, L_0x20e2070;  1 drivers
L_0x7fcbd8c1d138 .functor BUFT 1, C4<0>, C4<0>, C4<0>, C4<0>;
v0x20de790_0 .net *"_ivl_29", 0 0, L_0x7fcbd8c1d138;  1 drivers
v0x20de900_0 .net *"_ivl_3", 1 0, L_0x20e0a60;  1 drivers
v0x20de9e0_0 .net *"_ivl_30", 2 0, L_0x20e21a0;  1 drivers
v0x20deac0_0 .net *"_ivl_32", 2 0, L_0x20e23c0;  1 drivers
L_0x7fcbd8c1d180 .functor BUFT 1, C4<00>, C4<0>, C4<0>, C4<0>;
v0x20deba0_0 .net *"_ivl_35", 1 0, L_0x7fcbd8c1d180;  1 drivers
v0x20dec80_0 .net *"_ivl_36", 2 0, L_0x20e24b0;  1 drivers
v0x20ded60_0 .net *"_ivl_42", 3 0, L_0x20e4a20;  1 drivers
L_0x7fcbd8c1d018 .functor BUFT 1, C4<0>, C4<0>, C4<0>, C4<0>;
v0x20dee40_0 .net *"_ivl_6", 0 0, L_0x7fcbd8c1d018;  1 drivers
v0x20def20_0 .net *"_ivl_7", 1 0, L_0x20e0b50;  1 drivers
v0x20df000_0 .var "a", 0 0;
v0x20df0a0_0 .var "a2", 1 0;
v0x20df160_0 .var "a4", 3 0;
v0x20df220_0 .net "actual_fa2_cout", 0 0, L_0x20e19a0;  1 drivers
v0x20df2c0_0 .net "actual_fa2_sum", 1 0, L_0x20e1cb0;  1 drivers
v0x20df380_0 .net "actual_fa_cout", 0 0, L_0x20e07d0;  1 drivers
v0x20df450_0 .net "actual_fa_sum", 0 0, L_0x20e0600;  1 drivers
v0x20df540_0 .net "actual_ha_cout", 0 0, L_0x20e0430;  1 drivers
v0x20df5e0_0 .net "actual_ha_sum", 0 0, L_0x20e02a0;  1 drivers
v0x20df6b0_0 .net "actual_rca4_sum", 7 0, L_0x20e46c0;  1 drivers
v0x20df780_0 .var "b", 0 0;
v0x20df820_0 .var "b2", 1 0;
v0x20df8f0_0 .var "b4", 3 0;
v0x20df990_0 .var "cin", 0 0;
v0x20dfa30_0 .var/i "errors", 31 0;
v0x20dfad0_0 .net "exp_fa2_cout", 0 0, L_0x20e1d50;  1 drivers
v0x20dfda0_0 .net "exp_fa2_sum", 1 0, L_0x20e1e40;  1 drivers
v0x20dfe80_0 .net "exp_fa_cout", 0 0, L_0x20e08d0;  1 drivers
v0x20dff40_0 .net "exp_fa_sum", 0 0, L_0x20e0970;  1 drivers
v0x20e0000_0 .net "exp_rca4_sum", 3 0, L_0x20e48f0;  1 drivers
v0x20e00e0_0 .var/i "i", 31 0;
v0x20e01c0_0 .var/i "tests", 31 0;
L_0x20e08d0 .part L_0x20e0f50, 1, 1;
L_0x20e0970 .part L_0x20e0f50, 0, 1;
L_0x20e0a60 .concat [ 1 1 0 0], v0x20df000_0, L_0x7fcbd8c1d018;
L_0x20e0b50 .concat [ 1 1 0 0], v0x20df780_0, L_0x7fcbd8c1d060;
L_0x20e0c70 .arith/sum 2, L_0x20e0a60, L_0x20e0b50;
L_0x20e0e20 .concat [ 1 1 0 0], v0x20df990_0, L_0x7fcbd8c1d0a8;
L_0x20e0f50 .arith/sum 2, L_0x20e0c70, L_0x20e0e20;
L_0x20e1d50 .part L_0x20e24b0, 2, 1;
L_0x20e1e40 .part L_0x20e24b0, 0, 2;
L_0x20e1ee0 .concat [ 2 1 0 0], v0x20df0a0_0, L_0x7fcbd8c1d0f0;
L_0x20e2070 .concat [ 2 1 0 0], v0x20df820_0, L_0x7fcbd8c1d138;
L_0x20e21a0 .arith/sum 3, L_0x20e1ee0, L_0x20e2070;
L_0x20e23c0 .concat [ 1 2 0 0], v0x20df990_0, L_0x7fcbd8c1d180;
L_0x20e24b0 .arith/sum 3, L_0x20e21a0, L_0x20e23c0;
L_0x20e4850 .concat [ 4 4 0 0], v0x20df160_0, v0x20df8f0_0;
L_0x20e48f0 .part L_0x20e4a20, 0, 4;
L_0x20e4a20 .arith/sum 4, v0x20df160_0, v0x20df8f0_0;
S_0x20a3590 .scope module, "fa" "fulladder" 2 31, 3 20 0, S_0x20a87e0;
 .timescale -9 -12;
    .port_info 0 /INPUT 1 "cin";
    .port_info 1 /INPUT 1 "a";
    .port_info 2 /INPUT 1 "b";
    .port_info 3 /OUTPUT 1 "s";
    .port_info 4 /OUTPUT 1 "cout";
L_0x20e07d0 .functor OR 1, L_0x20e0570, L_0x20e0740, C4<0>, C4<0>;
v0x20d3290_0 .net "a", 0 0, v0x20df000_0;  1 drivers
v0x20d3350_0 .net "b", 0 0, v0x20df780_0;  1 drivers
v0x20d3420_0 .net "cin", 0 0, v0x20df990_0;  1 drivers
v0x20d3520_0 .net "cout", 0 0, L_0x20e07d0;  alias, 1 drivers
v0x20d35c0_0 .net "cout_tmp1", 0 0, L_0x20e0570;  1 drivers
v0x20d36b0_0 .net "cout_tmp2", 0 0, L_0x20e0740;  1 drivers
v0x20d3780_0 .net "s", 0 0, L_0x20e0600;  alias, 1 drivers
v0x20d3850_0 .net "s_tmp", 0 0, L_0x20e04c0;  1 drivers
S_0x20a91c0 .scope module, "h0" "halfadder" 3 27, 3 10 0, S_0x20a3590;
 .timescale -9 -12;
    .port_info 0 /INPUT 1 "a";
    .port_info 1 /INPUT 1 "b";
    .port_info 2 /OUTPUT 1 "s";
    .port_info 3 /OUTPUT 1 "cout";
L_0x20e04c0 .functor XOR 1, v0x20df000_0, v0x20df780_0, C4<0>, C4<0>;
L_0x20e0570 .functor AND 1, v0x20df000_0, v0x20df780_0, C4<1>, C4<1>;
v0x20a45b0_0 .net "a", 0 0, v0x20df000_0;  alias, 1 drivers
v0x20d2a70_0 .net "b", 0 0, v0x20df780_0;  alias, 1 drivers
v0x20d2b30_0 .net "cout", 0 0, L_0x20e0570;  alias, 1 drivers
v0x20d2bd0_0 .net "s", 0 0, L_0x20e04c0;  alias, 1 drivers
S_0x20d2d10 .scope module, "h1" "halfadder" 3 28, 3 10 0, S_0x20a3590;
 .timescale -9 -12;
    .port_info 0 /INPUT 1 "a";
    .port_info 1 /INPUT 1 "b";
    .port_info 2 /OUTPUT 1 "s";
    .port_info 3 /OUTPUT 1 "cout";
L_0x20e0600 .functor XOR 1, L_0x20e04c0, v0x20df990_0, C4<0>, C4<0>;
L_0x20e0740 .functor AND 1, L_0x20e04c0, v0x20df990_0, C4<1>, C4<1>;
v0x20d2f10_0 .net "a", 0 0, L_0x20e04c0;  alias, 1 drivers
v0x20d2fb0_0 .net "b", 0 0, v0x20df990_0;  alias, 1 drivers
v0x20d3050_0 .net "cout", 0 0, L_0x20e0740;  alias, 1 drivers
v0x20d3120_0 .net "s", 0 0, L_0x20e0600;  alias, 1 drivers
S_0x20d3940 .scope module, "fa2" "fulladder2" 2 39, 3 33 0, S_0x20a87e0;
 .timescale -9 -12;
    .port_info 0 /INPUT 1 "cin";
    .port_info 1 /INPUT 2 "a";
    .port_info 2 /INPUT 2 "b";
    .port_info 3 /OUTPUT 2 "s";
    .port_info 4 /OUTPUT 1 "cout";
v0x20d64a0_0 .net "a", 1 0, v0x20df0a0_0;  1 drivers
v0x20d65a0_0 .net "b", 1 0, v0x20df820_0;  1 drivers
v0x20d6680_0 .net "cin", 0 0, v0x20df990_0;  alias, 1 drivers
v0x20d6720_0 .net "cout", 0 0, L_0x20e19a0;  alias, 1 drivers
v0x20d67f0_0 .net "cout_tmp", 0 0, L_0x20e1320;  1 drivers
v0x20d6890_0 .net "s", 1 0, L_0x20e1cb0;  alias, 1 drivers
L_0x20e13b0 .part v0x20df0a0_0, 0, 1;
L_0x20e1470 .part v0x20df820_0, 0, 1;
L_0x20e1a50 .part v0x20df0a0_0, 1, 1;
L_0x20e1b80 .part v0x20df820_0, 1, 1;
L_0x20e1cb0 .concat8 [ 1 1 0 0], L_0x20e11f0, L_0x20e1780;
S_0x20d3b20 .scope module, "a0" "fulladder" 3 40, 3 20 0, S_0x20d3940;
 .timescale -9 -12;
    .port_info 0 /INPUT 1 "cin";
    .port_info 1 /INPUT 1 "a";
    .port_info 2 /INPUT 1 "b";
    .port_info 3 /OUTPUT 1 "s";
    .port_info 4 /OUTPUT 1 "cout";
L_0x20e1320 .functor OR 1, L_0x20e1130, L_0x20e12b0, C4<0>, C4<0>;
v0x20d4970_0 .net "a", 0 0, L_0x20e13b0;  1 drivers
v0x20d4a30_0 .net "b", 0 0, L_0x20e1470;  1 drivers
v0x20d4b00_0 .net "cin", 0 0, v0x20df990_0;  alias, 1 drivers
v0x20d4bd0_0 .net "cout", 0 0, L_0x20e1320;  alias, 1 drivers
v0x20d4c70_0 .net "cout_tmp1", 0 0, L_0x20e1130;  1 drivers
v0x20d4d60_0 .net "cout_tmp2", 0 0, L_0x20e12b0;  1 drivers
v0x20d4e30_0 .net "s", 0 0, L_0x20e11f0;  1 drivers
v0x20d4f00_0 .net "s_tmp", 0 0, L_0x20e0d10;  1 drivers
S_0x20d3db0 .scope module, "h0" "halfadder" 3 27, 3 10 0, S_0x20d3b20;
 .timescale -9 -12;
    .port_info 0 /INPUT 1 "a";
    .port_info 1 /INPUT 1 "b";
    .port_info 2 /OUTPUT 1 "s";
    .port_info 3 /OUTPUT 1 "cout";
L_0x20e0d10 .functor XOR 1, L_0x20e13b0, L_0x20e1470, C4<0>, C4<0>;
L_0x20e1130 .functor AND 1, L_0x20e13b0, L_0x20e1470, C4<1>, C4<1>;
v0x20d3fe0_0 .net "a", 0 0, L_0x20e13b0;  alias, 1 drivers
v0x20d40c0_0 .net "b", 0 0, L_0x20e1470;  alias, 1 drivers
v0x20d4180_0 .net "cout", 0 0, L_0x20e1130;  alias, 1 drivers
v0x20d4250_0 .net "s", 0 0, L_0x20e0d10;  alias, 1 drivers
S_0x20d43c0 .scope module, "h1" "halfadder" 3 28, 3 10 0, S_0x20d3b20;
 .timescale -9 -12;
    .port_info 0 /INPUT 1 "a";
    .port_info 1 /INPUT 1 "b";
    .port_info 2 /OUTPUT 1 "s";
    .port_info 3 /OUTPUT 1 "cout";
L_0x20e11f0 .functor XOR 1, L_0x20e0d10, v0x20df990_0, C4<0>, C4<0>;
L_0x20e12b0 .functor AND 1, L_0x20e0d10, v0x20df990_0, C4<1>, C4<1>;
v0x20d45c0_0 .net "a", 0 0, L_0x20e0d10;  alias, 1 drivers
v0x20d4690_0 .net "b", 0 0, v0x20df990_0;  alias, 1 drivers
v0x20d4780_0 .net "cout", 0 0, L_0x20e12b0;  alias, 1 drivers
v0x20d4820_0 .net "s", 0 0, L_0x20e11f0;  alias, 1 drivers
S_0x20d4ff0 .scope module, "a1" "fulladder" 3 41, 3 20 0, S_0x20d3940;
 .timescale -9 -12;
    .port_info 0 /INPUT 1 "cin";
    .port_info 1 /INPUT 1 "a";
    .port_info 2 /INPUT 1 "b";
    .port_info 3 /OUTPUT 1 "s";
    .port_info 4 /OUTPUT 1 "cout";
L_0x20e19a0 .functor OR 1, L_0x20e16a0, L_0x20e1910, C4<0>, C4<0>;
v0x20d5e00_0 .net "a", 0 0, L_0x20e1a50;  1 drivers
v0x20d5ec0_0 .net "b", 0 0, L_0x20e1b80;  1 drivers
v0x20d5f90_0 .net "cin", 0 0, L_0x20e1320;  alias, 1 drivers
v0x20d60b0_0 .net "cout", 0 0, L_0x20e19a0;  alias, 1 drivers
v0x20d6150_0 .net "cout_tmp1", 0 0, L_0x20e16a0;  1 drivers
v0x20d6240_0 .net "cout_tmp2", 0 0, L_0x20e1910;  1 drivers
v0x20d62e0_0 .net "s", 0 0, L_0x20e1780;  1 drivers
v0x20d63b0_0 .net "s_tmp", 0 0, L_0x20e15a0;  1 drivers
S_0x20d5270 .scope module, "h0" "halfadder" 3 27, 3 10 0, S_0x20d4ff0;
 .timescale -9 -12;
    .port_info 0 /INPUT 1 "a";
    .port_info 1 /INPUT 1 "b";
    .port_info 2 /OUTPUT 1 "s";
    .port_info 3 /OUTPUT 1 "cout";
L_0x20e15a0 .functor XOR 1, L_0x20e1a50, L_0x20e1b80, C4<0>, C4<0>;
L_0x20e16a0 .functor AND 1, L_0x20e1a50, L_0x20e1b80, C4<1>, C4<1>;
v0x20d5480_0 .net "a", 0 0, L_0x20e1a50;  alias, 1 drivers
v0x20d5560_0 .net "b", 0 0, L_0x20e1b80;  alias, 1 drivers
v0x20d5620_0 .net "cout", 0 0, L_0x20e16a0;  alias, 1 drivers
v0x20d56f0_0 .net "s", 0 0, L_0x20e15a0;  alias, 1 drivers
S_0x20d5860 .scope module, "h1" "halfadder" 3 28, 3 10 0, S_0x20d4ff0;
 .timescale -9 -12;
    .port_info 0 /INPUT 1 "a";
    .port_info 1 /INPUT 1 "b";
    .port_info 2 /OUTPUT 1 "s";
    .port_info 3 /OUTPUT 1 "cout";
L_0x20e1780 .functor XOR 1, L_0x20e15a0, L_0x20e1320, C4<0>, C4<0>;
L_0x20e1910 .functor AND 1, L_0x20e15a0, L_0x20e1320, C4<1>, C4<1>;
v0x20d5a60_0 .net "a", 0 0, L_0x20e15a0;  alias, 1 drivers
v0x20d5b30_0 .net "b", 0 0, L_0x20e1320;  alias, 1 drivers
v0x20d5c00_0 .net "cout", 0 0, L_0x20e1910;  alias, 1 drivers
v0x20d5cd0_0 .net "s", 0 0, L_0x20e1780;  alias, 1 drivers
S_0x20d69d0 .scope module, "ha" "halfadder" 2 26, 3 10 0, S_0x20a87e0;
 .timescale -9 -12;
    .port_info 0 /INPUT 1 "a";
    .port_info 1 /INPUT 1 "b";
    .port_info 2 /OUTPUT 1 "s";
    .port_info 3 /OUTPUT 1 "cout";
L_0x20e02a0 .functor XOR 1, v0x20df000_0, v0x20df780_0, C4<0>, C4<0>;
L_0x20e0430 .functor AND 1, v0x20df000_0, v0x20df780_0, C4<1>, C4<1>;
v0x20d6be0_0 .net "a", 0 0, v0x20df000_0;  alias, 1 drivers
v0x20d6cd0_0 .net "b", 0 0, v0x20df780_0;  alias, 1 drivers
v0x20d6de0_0 .net "cout", 0 0, L_0x20e0430;  alias, 1 drivers
v0x20d6e80_0 .net "s", 0 0, L_0x20e02a0;  alias, 1 drivers
S_0x20d6fa0 .scope task, "printPoints" "printPoints" 4 1, 4 1 0, S_0x20a87e0;
 .timescale -9 -12;
v0x20d7180_0 .var "actual", 31 0;
v0x20d7280_0 .var "possible", 31 0;
TD_test_adders.printPoints ;
    %vpi_call 4 4 "$display", "<scorePossible>%d</scorePossible>", v0x20d7280_0 {0 0 0};
    %vpi_call 4 5 "$display", "<scoreActual>%d</scoreActual>", v0x20d7180_0 {0 0 0};
    %end;
S_0x20d7360 .scope module, "r0" "rca4" 2 45, 3 47 0, S_0x20a87e0;
 .timescale -9 -12;
    .port_info 0 /INPUT 8 "SWITCH";
    .port_info 1 /OUTPUT 8 "LED";
v0x20ddc90_0 .net "LED", 7 0, L_0x20e46c0;  alias, 1 drivers
v0x20ddd90_0 .net "SWITCH", 7 0, L_0x20e4850;  1 drivers
L_0x7fcbd8c1d210 .functor BUFT 1, C4<0000>, C4<0>, C4<0>, C4<0>;
v0x20dde70_0 .net/2u *"_ivl_17", 3 0, L_0x7fcbd8c1d210;  1 drivers
v0x20ddf30_0 .net "cout0", 0 0, L_0x20e3020;  1 drivers
L_0x20e33d0 .part L_0x20e4850, 0, 2;
L_0x20e3470 .part L_0x20e4850, 4, 2;
L_0x20e44f0 .part L_0x20e4850, 2, 2;
L_0x20e4590 .part L_0x20e4850, 6, 2;
L_0x20e46c0 .concat8 [ 2 2 4 0], L_0x20e3330, L_0x20e4450, L_0x7fcbd8c1d210;
S_0x20d75b0 .scope module, "a0" "fulladder2" 3 50, 3 33 0, S_0x20d7360;
 .timescale -9 -12;
    .port_info 0 /INPUT 1 "cin";
    .port_info 1 /INPUT 2 "a";
    .port_info 2 /INPUT 2 "b";
    .port_info 3 /OUTPUT 2 "s";
    .port_info 4 /OUTPUT 1 "cout";
v0x20da370_0 .net "a", 1 0, L_0x20e33d0;  1 drivers
v0x20da470_0 .net "b", 1 0, L_0x20e3470;  1 drivers
L_0x7fcbd8c1d1c8 .functor BUFT 1, C4<0>, C4<0>, C4<0>, C4<0>;
v0x20da550_0 .net "cin", 0 0, L_0x7fcbd8c1d1c8;  1 drivers
v0x20da640_0 .net "cout", 0 0, L_0x20e3020;  alias, 1 drivers
v0x20da6e0_0 .net "cout_tmp", 0 0, L_0x20e29b0;  1 drivers
v0x20da7d0_0 .net "s", 1 0, L_0x20e3330;  1 drivers
L_0x20e2ad0 .part L_0x20e33d0, 0, 1;
L_0x20e2c00 .part L_0x20e3470, 0, 1;
L_0x20e30d0 .part L_0x20e33d0, 1, 1;
L_0x20e3200 .part L_0x20e3470, 1, 1;
L_0x20e3330 .concat8 [ 1 1 0 0], L_0x20e2760, L_0x20e2e50;
S_0x20d7830 .scope module, "a0" "fulladder" 3 40, 3 20 0, S_0x20d75b0;
 .timescale -9 -12;
    .port_info 0 /INPUT 1 "cin";
    .port_info 1 /INPUT 1 "a";
    .port_info 2 /INPUT 1 "b";
    .port_info 3 /OUTPUT 1 "s";
    .port_info 4 /OUTPUT 1 "cout";
L_0x20e29b0 .functor OR 1, L_0x20e2240, L_0x20e28b0, C4<0>, C4<0>;
v0x20d8750_0 .net "a", 0 0, L_0x20e2ad0;  1 drivers
v0x20d8810_0 .net "b", 0 0, L_0x20e2c00;  1 drivers
v0x20d88e0_0 .net "cin", 0 0, L_0x7fcbd8c1d1c8;  alias, 1 drivers
v0x20d89e0_0 .net "cout", 0 0, L_0x20e29b0;  alias, 1 drivers
v0x20d8a80_0 .net "cout_tmp1", 0 0, L_0x20e2240;  1 drivers
v0x20d8b70_0 .net "cout_tmp2", 0 0, L_0x20e28b0;  1 drivers
v0x20d8c40_0 .net "s", 0 0, L_0x20e2760;  1 drivers
v0x20d8d10_0 .net "s_tmp", 0 0, L_0x20e2350;  1 drivers
S_0x20d7ab0 .scope module, "h0" "halfadder" 3 27, 3 10 0, S_0x20d7830;
 .timescale -9 -12;
    .port_info 0 /INPUT 1 "a";
    .port_info 1 /INPUT 1 "b";
    .port_info 2 /OUTPUT 1 "s";
    .port_info 3 /OUTPUT 1 "cout";
L_0x20e2350 .functor XOR 1, L_0x20e2ad0, L_0x20e2c00, C4<0>, C4<0>;
L_0x20e2240 .functor AND 1, L_0x20e2ad0, L_0x20e2c00, C4<1>, C4<1>;
v0x20d7d50_0 .net "a", 0 0, L_0x20e2ad0;  alias, 1 drivers
v0x20d7e30_0 .net "b", 0 0, L_0x20e2c00;  alias, 1 drivers
v0x20d7ef0_0 .net "cout", 0 0, L_0x20e2240;  alias, 1 drivers
v0x20d7fc0_0 .net "s", 0 0, L_0x20e2350;  alias, 1 drivers
S_0x20d8130 .scope module, "h1" "halfadder" 3 28, 3 10 0, S_0x20d7830;
 .timescale -9 -12;
    .port_info 0 /INPUT 1 "a";
    .port_info 1 /INPUT 1 "b";
    .port_info 2 /OUTPUT 1 "s";
    .port_info 3 /OUTPUT 1 "cout";
L_0x20e2760 .functor XOR 1, L_0x20e2350, L_0x7fcbd8c1d1c8, C4<0>, C4<0>;
L_0x20e28b0 .functor AND 1, L_0x20e2350, L_0x7fcbd8c1d1c8, C4<1>, C4<1>;
v0x20d83a0_0 .net "a", 0 0, L_0x20e2350;  alias, 1 drivers
v0x20d8470_0 .net "b", 0 0, L_0x7fcbd8c1d1c8;  alias, 1 drivers
v0x20d8510_0 .net "cout", 0 0, L_0x20e28b0;  alias, 1 drivers
v0x20d85e0_0 .net "s", 0 0, L_0x20e2760;  alias, 1 drivers
S_0x20d8e00 .scope module, "a1" "fulladder" 3 41, 3 20 0, S_0x20d75b0;
 .timescale -9 -12;
    .port_info 0 /INPUT 1 "cin";
    .port_info 1 /INPUT 1 "a";
    .port_info 2 /INPUT 1 "b";
    .port_info 3 /OUTPUT 1 "s";
    .port_info 4 /OUTPUT 1 "cout";
L_0x20e3020 .functor OR 1, L_0x20e2dc0, L_0x20e2f90, C4<0>, C4<0>;
v0x20d9cd0_0 .net "a", 0 0, L_0x20e30d0;  1 drivers
v0x20d9d90_0 .net "b", 0 0, L_0x20e3200;  1 drivers
v0x20d9e60_0 .net "cin", 0 0, L_0x20e29b0;  alias, 1 drivers
v0x20d9f80_0 .net "cout", 0 0, L_0x20e3020;  alias, 1 drivers
v0x20da020_0 .net "cout_tmp1", 0 0, L_0x20e2dc0;  1 drivers
v0x20da110_0 .net "cout_tmp2", 0 0, L_0x20e2f90;  1 drivers
v0x20da1b0_0 .net "s", 0 0, L_0x20e2e50;  1 drivers
v0x20da280_0 .net "s_tmp", 0 0, L_0x20e2d30;  1 drivers
S_0x20d9060 .scope module, "h0" "halfadder" 3 27, 3 10 0, S_0x20d8e00;
 .timescale -9 -12;
    .port_info 0 /INPUT 1 "a";
    .port_info 1 /INPUT 1 "b";
    .port_info 2 /OUTPUT 1 "s";
    .port_info 3 /OUTPUT 1 "cout";
L_0x20e2d30 .functor XOR 1, L_0x20e30d0, L_0x20e3200, C4<0>, C4<0>;
L_0x20e2dc0 .functor AND 1, L_0x20e30d0, L_0x20e3200, C4<1>, C4<1>;
v0x20d92e0_0 .net "a", 0 0, L_0x20e30d0;  alias, 1 drivers
v0x20d93c0_0 .net "b", 0 0, L_0x20e3200;  alias, 1 drivers
v0x20d9480_0 .net "cout", 0 0, L_0x20e2dc0;  alias, 1 drivers
v0x20d9550_0 .net "s", 0 0, L_0x20e2d30;  alias, 1 drivers
S_0x20d96c0 .scope module, "h1" "halfadder" 3 28, 3 10 0, S_0x20d8e00;
 .timescale -9 -12;
    .port_info 0 /INPUT 1 "a";
    .port_info 1 /INPUT 1 "b";
    .port_info 2 /OUTPUT 1 "s";
    .port_info 3 /OUTPUT 1 "cout";
L_0x20e2e50 .functor XOR 1, L_0x20e2d30, L_0x20e29b0, C4<0>, C4<0>;
L_0x20e2f90 .functor AND 1, L_0x20e2d30, L_0x20e29b0, C4<1>, C4<1>;
v0x20d9930_0 .net "a", 0 0, L_0x20e2d30;  alias, 1 drivers
v0x20d9a00_0 .net "b", 0 0, L_0x20e29b0;  alias, 1 drivers
v0x20d9ad0_0 .net "cout", 0 0, L_0x20e2f90;  alias, 1 drivers
v0x20d9ba0_0 .net "s", 0 0, L_0x20e2e50;  alias, 1 drivers
S_0x20da910 .scope module, "a3" "fulladder2" 3 51, 3 33 0, S_0x20d7360;
 .timescale -9 -12;
    .port_info 0 /INPUT 1 "cin";
    .port_info 1 /INPUT 2 "a";
    .port_info 2 /INPUT 2 "b";
    .port_info 3 /OUTPUT 2 "s";
    .port_info 4 /OUTPUT 1 "cout";
v0x20dd6d0_0 .net "a", 1 0, L_0x20e44f0;  1 drivers
v0x20dd7d0_0 .net "b", 1 0, L_0x20e4590;  1 drivers
v0x20dd8b0_0 .net "cin", 0 0, L_0x20e3020;  alias, 1 drivers
v0x20dd9e0_0 .net "cout", 0 0, L_0x20e40f0;  1 drivers
v0x20ddab0_0 .net "cout_tmp", 0 0, L_0x20e3aa0;  1 drivers
v0x20ddb50_0 .net "s", 1 0, L_0x20e4450;  1 drivers
L_0x20e3b50 .part L_0x20e44f0, 0, 1;
L_0x20e3c80 .part L_0x20e4590, 0, 1;
L_0x20e41f0 .part L_0x20e44f0, 1, 1;
L_0x20e4320 .part L_0x20e4590, 1, 1;
L_0x20e4450 .concat8 [ 1 1 0 0], L_0x20e3770, L_0x20e3ed0;
S_0x20dab90 .scope module, "a0" "fulladder" 3 40, 3 20 0, S_0x20da910;
 .timescale -9 -12;
    .port_info 0 /INPUT 1 "cin";
    .port_info 1 /INPUT 1 "a";
    .port_info 2 /INPUT 1 "b";
    .port_info 3 /OUTPUT 1 "s";
    .port_info 4 /OUTPUT 1 "cout";
L_0x20e3aa0 .functor OR 1, L_0x20e3690, L_0x20e3900, C4<0>, C4<0>;
v0x20dbac0_0 .net "a", 0 0, L_0x20e3b50;  1 drivers
v0x20dbb80_0 .net "b", 0 0, L_0x20e3c80;  1 drivers
v0x20dbc50_0 .net "cin", 0 0, L_0x20e3020;  alias, 1 drivers
v0x20dbd20_0 .net "cout", 0 0, L_0x20e3aa0;  alias, 1 drivers
v0x20dbdc0_0 .net "cout_tmp1", 0 0, L_0x20e3690;  1 drivers
v0x20dbeb0_0 .net "cout_tmp2", 0 0, L_0x20e3900;  1 drivers
v0x20dbf80_0 .net "s", 0 0, L_0x20e3770;  1 drivers
v0x20dc050_0 .net "s_tmp", 0 0, L_0x20e3560;  1 drivers
S_0x20dae20 .scope module, "h0" "halfadder" 3 27, 3 10 0, S_0x20dab90;
 .timescale -9 -12;
    .port_info 0 /INPUT 1 "a";
    .port_info 1 /INPUT 1 "b";
    .port_info 2 /OUTPUT 1 "s";
    .port_info 3 /OUTPUT 1 "cout";
L_0x20e3560 .functor XOR 1, L_0x20e3b50, L_0x20e3c80, C4<0>, C4<0>;
L_0x20e3690 .functor AND 1, L_0x20e3b50, L_0x20e3c80, C4<1>, C4<1>;
v0x20db0c0_0 .net "a", 0 0, L_0x20e3b50;  alias, 1 drivers
v0x20db1a0_0 .net "b", 0 0, L_0x20e3c80;  alias, 1 drivers
v0x20db260_0 .net "cout", 0 0, L_0x20e3690;  alias, 1 drivers
v0x20db330_0 .net "s", 0 0, L_0x20e3560;  alias, 1 drivers
S_0x20db4a0 .scope module, "h1" "halfadder" 3 28, 3 10 0, S_0x20dab90;
 .timescale -9 -12;
    .port_info 0 /INPUT 1 "a";
    .port_info 1 /INPUT 1 "b";
    .port_info 2 /OUTPUT 1 "s";
    .port_info 3 /OUTPUT 1 "cout";
L_0x20e3770 .functor XOR 1, L_0x20e3560, L_0x20e3020, C4<0>, C4<0>;
L_0x20e3900 .functor AND 1, L_0x20e3560, L_0x20e3020, C4<1>, C4<1>;
v0x20db710_0 .net "a", 0 0, L_0x20e3560;  alias, 1 drivers
v0x20db7e0_0 .net "b", 0 0, L_0x20e3020;  alias, 1 drivers
v0x20db8d0_0 .net "cout", 0 0, L_0x20e3900;  alias, 1 drivers
v0x20db970_0 .net "s", 0 0, L_0x20e3770;  alias, 1 drivers
S_0x20dc140 .scope module, "a1" "fulladder" 3 41, 3 20 0, S_0x20da910;
 .timescale -9 -12;
    .port_info 0 /INPUT 1 "cin";
    .port_info 1 /INPUT 1 "a";
    .port_info 2 /INPUT 1 "b";
    .port_info 3 /OUTPUT 1 "s";
    .port_info 4 /OUTPUT 1 "cout";
L_0x20e40f0 .functor OR 1, L_0x20e3e40, L_0x20e4060, C4<0>, C4<0>;
v0x20dd030_0 .net "a", 0 0, L_0x20e41f0;  1 drivers
v0x20dd0f0_0 .net "b", 0 0, L_0x20e4320;  1 drivers
v0x20dd1c0_0 .net "cin", 0 0, L_0x20e3aa0;  alias, 1 drivers
v0x20dd2e0_0 .net "cout", 0 0, L_0x20e40f0;  alias, 1 drivers
v0x20dd380_0 .net "cout_tmp1", 0 0, L_0x20e3e40;  1 drivers
v0x20dd470_0 .net "cout_tmp2", 0 0, L_0x20e4060;  1 drivers
v0x20dd510_0 .net "s", 0 0, L_0x20e3ed0;  1 drivers
v0x20dd5e0_0 .net "s_tmp", 0 0, L_0x20e3db0;  1 drivers
S_0x20dc3c0 .scope module, "h0" "halfadder" 3 27, 3 10 0, S_0x20dc140;
 .timescale -9 -12;
    .port_info 0 /INPUT 1 "a";
    .port_info 1 /INPUT 1 "b";
    .port_info 2 /OUTPUT 1 "s";
    .port_info 3 /OUTPUT 1 "cout";
L_0x20e3db0 .functor XOR 1, L_0x20e41f0, L_0x20e4320, C4<0>, C4<0>;
L_0x20e3e40 .functor AND 1, L_0x20e41f0, L_0x20e4320, C4<1>, C4<1>;
v0x20dc640_0 .net "a", 0 0, L_0x20e41f0;  alias, 1 drivers
v0x20dc720_0 .net "b", 0 0, L_0x20e4320;  alias, 1 drivers
v0x20dc7e0_0 .net "cout", 0 0, L_0x20e3e40;  alias, 1 drivers
v0x20dc8b0_0 .net "s", 0 0, L_0x20e3db0;  alias, 1 drivers
S_0x20dca20 .scope module, "h1" "halfadder" 3 28, 3 10 0, S_0x20dc140;
 .timescale -9 -12;
    .port_info 0 /INPUT 1 "a";
    .port_info 1 /INPUT 1 "b";
    .port_info 2 /OUTPUT 1 "s";
    .port_info 3 /OUTPUT 1 "cout";
L_0x20e3ed0 .functor XOR 1, L_0x20e3db0, L_0x20e3aa0, C4<0>, C4<0>;
L_0x20e4060 .functor AND 1, L_0x20e3db0, L_0x20e3aa0, C4<1>, C4<1>;
v0x20dcc90_0 .net "a", 0 0, L_0x20e3db0;  alias, 1 drivers
v0x20dcd60_0 .net "b", 0 0, L_0x20e3aa0;  alias, 1 drivers
v0x20dce30_0 .net "cout", 0 0, L_0x20e4060;  alias, 1 drivers
v0x20dcf00_0 .net "s", 0 0, L_0x20e3ed0;  alias, 1 drivers
    .scope S_0x20a87e0;
T_1 ;
    %vpi_call 2 52 "$dumpfile", "rca.vcd" {0 0 0};
    %vpi_call 2 53 "$dumpvars" {0 0 0};
    %pushi/vec4 0, 0, 1;
    %store/vec4 v0x20df000_0, 0, 1;
    %pushi/vec4 0, 0, 1;
    %store/vec4 v0x20df780_0, 0, 1;
    %pushi/vec4 0, 0, 32;
    %store/vec4 v0x20dfa30_0, 0, 32;
    %pushi/vec4 0, 0, 32;
    %store/vec4 v0x20e01c0_0, 0, 32;
    %delay 100000, 0;
    %pushi/vec4 0, 0, 32;
    %store/vec4 v0x20e00e0_0, 0, 32;
T_1.0 ;
    %load/vec4 v0x20e00e0_0;
    %cmpi/s 3, 0, 32;
    %flag_or 5, 4;
    %jmp/0xz T_1.1, 5;
    %load/vec4 v0x20e00e0_0;
    %parti/s 1, 0, 2;
    %store/vec4 v0x20df000_0, 0, 1;
    %load/vec4 v0x20e00e0_0;
    %parti/s 1, 1, 2;
    %store/vec4 v0x20df780_0, 0, 1;
    %delay 6000, 0;
    %load/vec4 v0x20e01c0_0;
    %addi 2, 0, 32;
    %store/vec4 v0x20e01c0_0, 0, 32;
    %load/vec4 v0x20e00e0_0;
    %dup/vec4;
    %pushi/vec4 0, 0, 32;
    %cmp/u;
    %jmp/1 T_1.2, 6;
    %dup/vec4;
    %pushi/vec4 3, 0, 32;
    %cmp/u;
    %jmp/1 T_1.3, 6;
    %dup/vec4;
    %pushi/vec4 1, 0, 32;
    %cmp/u;
    %jmp/1 T_1.4, 6;
    %dup/vec4;
    %pushi/vec4 2, 0, 32;
    %cmp/u;
    %jmp/1 T_1.5, 6;
    %jmp T_1.6;
T_1.2 ;
    %load/vec4 v0x20df5e0_0;
    %pad/u 32;
    %cmpi/ne 0, 0, 32;
    %jmp/0xz  T_1.7, 6;
    %load/vec4 v0x20dfa30_0;
    %cmpi/s 15, 0, 32;
    %jmp/0xz  T_1.9, 5;
    %vpi_call 2 78 "$display", "[halfadder] ERROR: %b + %b should produce sum=0 but was %b instead", v0x20df000_0, v0x20df780_0, v0x20df5e0_0 {0 0 0};
T_1.9 ;
    %load/vec4 v0x20dfa30_0;
    %addi 1, 0, 32;
    %store/vec4 v0x20dfa30_0, 0, 32;
T_1.7 ;
    %jmp T_1.6;
T_1.3 ;
    %load/vec4 v0x20df5e0_0;
    %pad/u 32;
    %cmpi/ne 0, 0, 32;
    %jmp/0xz  T_1.11, 6;
    %load/vec4 v0x20dfa30_0;
    %cmpi/s 15, 0, 32;
    %jmp/0xz  T_1.13, 5;
    %vpi_call 2 78 "$display", "[halfadder] ERROR: %b + %b should produce sum=0 but was %b instead", v0x20df000_0, v0x20df780_0, v0x20df5e0_0 {0 0 0};
T_1.13 ;
    %load/vec4 v0x20dfa30_0;
    %addi 1, 0, 32;
    %store/vec4 v0x20dfa30_0, 0, 32;
T_1.11 ;
    %jmp T_1.6;
T_1.4 ;
    %load/vec4 v0x20df5e0_0;
    %pad/u 32;
    %cmpi/ne 1, 0, 32;
    %jmp/0xz  T_1.15, 6;
    %load/vec4 v0x20dfa30_0;
    %cmpi/s 15, 0, 32;
    %jmp/0xz  T_1.17, 5;
    %vpi_call 2 85 "$display", "[halfadder] ERROR: %b + %b should produce sum=1 but was %b instead", v0x20df000_0, v0x20df780_0, v0x20df5e0_0 {0 0 0};
T_1.17 ;
    %load/vec4 v0x20dfa30_0;
    %addi 1, 0, 32;
    %store/vec4 v0x20dfa30_0, 0, 32;
T_1.15 ;
    %jmp T_1.6;
T_1.5 ;
    %load/vec4 v0x20df5e0_0;
    %pad/u 32;
    %cmpi/ne 1, 0, 32;
    %jmp/0xz  T_1.19, 6;
    %load/vec4 v0x20dfa30_0;
    %cmpi/s 15, 0, 32;
    %jmp/0xz  T_1.21, 5;
    %vpi_call 2 85 "$display", "[halfadder] ERROR: %b + %b should produce sum=1 but was %b instead", v0x20df000_0, v0x20df780_0, v0x20df5e0_0 {0 0 0};
T_1.21 ;
    %load/vec4 v0x20dfa30_0;
    %addi 1, 0, 32;
    %store/vec4 v0x20dfa30_0, 0, 32;
T_1.19 ;
    %jmp T_1.6;
T_1.6 ;
    %pop/vec4 1;
    %load/vec4 v0x20e00e0_0;
    %cmpi/s 3, 0, 32;
    %flag_get/vec4 5;
    %pushi/vec4 0, 0, 32;
    %load/vec4 v0x20df540_0;
    %pad/u 32;
    %cmp/ne;
    %flag_get/vec4 6;
    %and;
    %flag_set/vec4 8;
    %jmp/0xz  T_1.23, 8;
    %load/vec4 v0x20dfa30_0;
    %cmpi/s 15, 0, 32;
    %jmp/0xz  T_1.25, 5;
    %vpi_call 2 94 "$display", "[halfadder] ERROR: %b + %b should produce cout=0 but was %b instead", v0x20df000_0, v0x20df780_0, v0x20df540_0 {0 0 0};
T_1.25 ;
    %load/vec4 v0x20dfa30_0;
    %addi 1, 0, 32;
    %store/vec4 v0x20dfa30_0, 0, 32;
T_1.23 ;
    %load/vec4 v0x20e00e0_0;
    %pushi/vec4 3, 0, 32;
    %cmp/e;
    %flag_get/vec4 4;
    %pushi/vec4 1, 0, 32;
    %load/vec4 v0x20df540_0;
    %pad/u 32;
    %cmp/ne;
    %flag_get/vec4 6;
    %and;
    %flag_set/vec4 8;
    %jmp/0xz  T_1.27, 8;
    %load/vec4 v0x20dfa30_0;
    %cmpi/s 15, 0, 32;
    %jmp/0xz  T_1.29, 5;
    %vpi_call 2 100 "$display", "[halfadder] ERROR: %b + %b should produce cout=1 but was %b instead", v0x20df000_0, v0x20df780_0, v0x20df540_0 {0 0 0};
T_1.29 ;
    %load/vec4 v0x20dfa30_0;
    %addi 1, 0, 32;
    %store/vec4 v0x20dfa30_0, 0, 32;
T_1.27 ;
    %load/vec4 v0x20e00e0_0;
    %addi 1, 0, 32;
    %store/vec4 v0x20e00e0_0, 0, 32;
    %jmp T_1.0;
T_1.1 ;
    %pushi/vec4 0, 0, 32;
    %store/vec4 v0x20e00e0_0, 0, 32;
T_1.31 ;
    %load/vec4 v0x20e00e0_0;
    %cmpi/s 7, 0, 32;
    %flag_or 5, 4;
    %jmp/0xz T_1.32, 5;
    %load/vec4 v0x20e00e0_0;
    %parti/s 1, 0, 2;
    %store/vec4 v0x20df000_0, 0, 1;
    %load/vec4 v0x20e00e0_0;
    %parti/s 1, 1, 2;
    %store/vec4 v0x20df780_0, 0, 1;
    %load/vec4 v0x20e00e0_0;
    %parti/s 1, 2, 3;
    %store/vec4 v0x20df990_0, 0, 1;
    %delay 6000, 0;
    %load/vec4 v0x20e01c0_0;
    %addi 2, 0, 32;
    %store/vec4 v0x20e01c0_0, 0, 32;
    %load/vec4 v0x20dfe80_0;
    %load/vec4 v0x20df380_0;
    %cmp/ne;
    %jmp/0xz  T_1.33, 6;
    %load/vec4 v0x20dfa30_0;
    %cmpi/s 15, 0, 32;
    %jmp/0xz  T_1.35, 5;
    %vpi_call 2 120 "$display", "[fulladder] ERROR: %b + %b should produce cout=%b but was %b instead", v0x20df000_0, v0x20df780_0, v0x20dfe80_0, v0x20df380_0 {0 0 0};
T_1.35 ;
    %load/vec4 v0x20dfa30_0;
    %addi 1, 0, 32;
    %store/vec4 v0x20dfa30_0, 0, 32;
T_1.33 ;
    %load/vec4 v0x20dff40_0;
    %load/vec4 v0x20df450_0;
    %cmp/ne;
    %jmp/0xz  T_1.37, 6;
    %load/vec4 v0x20dfa30_0;
    %cmpi/s 15, 0, 32;
    %jmp/0xz  T_1.39, 5;
    %vpi_call 2 126 "$display", "[fulladder] ERROR: %b + %b should produce sum=%b but was %b instead", v0x20df000_0, v0x20df780_0, v0x20dff40_0, v0x20df450_0 {0 0 0};
T_1.39 ;
    %load/vec4 v0x20dfa30_0;
    %addi 1, 0, 32;
    %store/vec4 v0x20dfa30_0, 0, 32;
T_1.37 ;
    %load/vec4 v0x20e00e0_0;
    %addi 1, 0, 32;
    %store/vec4 v0x20e00e0_0, 0, 32;
    %jmp T_1.31;
T_1.32 ;
    %pushi/vec4 0, 0, 32;
    %store/vec4 v0x20e00e0_0, 0, 32;
T_1.41 ;
    %load/vec4 v0x20e00e0_0;
    %cmpi/s 31, 0, 32;
    %flag_or 5, 4;
    %jmp/0xz T_1.42, 5;
    %load/vec4 v0x20e00e0_0;
    %parti/s 2, 0, 2;
    %store/vec4 v0x20df0a0_0, 0, 2;
    %load/vec4 v0x20e00e0_0;
    %parti/s 2, 2, 3;
    %store/vec4 v0x20df820_0, 0, 2;
    %load/vec4 v0x20e00e0_0;
    %parti/s 1, 4, 4;
    %store/vec4 v0x20df990_0, 0, 1;
    %delay 6000, 0;
    %load/vec4 v0x20e01c0_0;
    %addi 2, 0, 32;
    %store/vec4 v0x20e01c0_0, 0, 32;
    %load/vec4 v0x20dfad0_0;
    %load/vec4 v0x20df220_0;
    %cmp/ne;
    %jmp/0xz  T_1.43, 6;
    %load/vec4 v0x20dfa30_0;
    %cmpi/s 15, 0, 32;
    %jmp/0xz  T_1.45, 5;
    %vpi_call 2 145 "$display", "[fulladder2] ERROR: %b + %b should produce cout=%b but was %b instead", v0x20df0a0_0, v0x20df820_0, v0x20dfad0_0, v0x20df220_0 {0 0 0};
T_1.45 ;
    %load/vec4 v0x20dfa30_0;
    %addi 1, 0, 32;
    %store/vec4 v0x20dfa30_0, 0, 32;
T_1.43 ;
    %load/vec4 v0x20dfda0_0;
    %load/vec4 v0x20df2c0_0;
    %cmp/ne;
    %jmp/0xz  T_1.47, 6;
    %load/vec4 v0x20dfa30_0;
    %cmpi/s 15, 0, 32;
    %jmp/0xz  T_1.49, 5;
    %vpi_call 2 151 "$display", "[fulladder2] ERROR: %b + %b should produce sum=%b but was %b instead", v0x20df0a0_0, v0x20df820_0, v0x20dfda0_0, v0x20df2c0_0 {0 0 0};
T_1.49 ;
    %load/vec4 v0x20dfa30_0;
    %addi 1, 0, 32;
    %store/vec4 v0x20dfa30_0, 0, 32;
T_1.47 ;
    %load/vec4 v0x20e00e0_0;
    %addi 1, 0, 32;
    %store/vec4 v0x20e00e0_0, 0, 32;
    %jmp T_1.41;
T_1.42 ;
    %pushi/vec4 0, 0, 32;
    %store/vec4 v0x20e00e0_0, 0, 32;
T_1.51 ;
    %load/vec4 v0x20e00e0_0;
    %cmpi/s 255, 0, 32;
    %flag_or 5, 4;
    %jmp/0xz T_1.52, 5;
    %load/vec4 v0x20e00e0_0;
    %parti/s 4, 0, 2;
    %store/vec4 v0x20df160_0, 0, 4;
    %load/vec4 v0x20e00e0_0;
    %parti/s 4, 4, 4;
    %store/vec4 v0x20df8f0_0, 0, 4;
    %delay 6000, 0;
    %load/vec4 v0x20e01c0_0;
    %addi 1, 0, 32;
    %store/vec4 v0x20e01c0_0, 0, 32;
    %load/vec4 v0x20e0000_0;
    %pad/u 8;
    %load/vec4 v0x20df6b0_0;
    %cmp/ne;
    %jmp/0xz  T_1.53, 6;
    %load/vec4 v0x20dfa30_0;
    %cmpi/s 15, 0, 32;
    %jmp/0xz  T_1.55, 5;
    %vpi_call 2 170 "$display", "[rca4] ERROR: %b + %b should produce sum=%b but was %b instead", v0x20df160_0, v0x20df8f0_0, v0x20e0000_0, v0x20df6b0_0 {0 0 0};
T_1.55 ;
    %load/vec4 v0x20dfa30_0;
    %addi 1, 0, 32;
    %store/vec4 v0x20dfa30_0, 0, 32;
T_1.53 ;
    %load/vec4 v0x20e00e0_0;
    %addi 1, 0, 32;
    %store/vec4 v0x20e00e0_0, 0, 32;
    %jmp T_1.51;
T_1.52 ;
    %load/vec4 v0x20dfa30_0;
    %cmpi/s 15, 0, 32;
    %flag_or 5, 4; GT is !LE
    %flag_inv 5;
    %jmp/0xz  T_1.57, 5;
    %load/vec4 v0x20dfa30_0;
    %subi 15, 0, 32;
    %vpi_call 2 177 "$display", "Additional %d errors NOT printed.", S<0,vec4,s32> {1 0 0};
T_1.57 ;
    %vpi_call 2 179 "$display", "Simulation finished: %d test cases %d errors", v0x20e01c0_0, v0x20dfa30_0 {0 0 0};
    %load/vec4 v0x20e01c0_0;
    %store/vec4 v0x20d7280_0, 0, 32;
    %load/vec4 v0x20e01c0_0;
    %load/vec4 v0x20dfa30_0;
    %sub;
    %store/vec4 v0x20d7180_0, 0, 32;
    %fork TD_test_adders.printPoints, S_0x20d6fa0;
    %join;
    %vpi_call 2 181 "$finish" {0 0 0};
    %end;
    .thread T_1;
# The file index is used to find the file name in the following table.
:file_names 5;
    "N/A";
    "<interactive>";
    "rca_testbench.v";
    "rca.v";
    "./print_points.v";
